Horizon started successfully.

   INFO  Processing jobs from the [default] queue.  


   INFO  Processing jobs from the [default] queue.  

Horizon started successfully.

   INFO  Processing jobs from the [default] queue.  


   INFO  Processing jobs from the [default] queue.  

Horizon started successfully.

   INFO  Processing jobs from the [default] queue.  


   INFO  Processing jobs from the [default] queue.  

  2022-08-13 09:48:00 App\Jobs\Customer\RevenueUpdate .......... 140.61ms DONE

   INFO  Processing jobs from the [default] queue.  

  2022-08-13 10:07:50 App\Jobs\Customer\RevenueUpdate .......... 136.23ms DONE

   INFO  Processing jobs from the [default] queue.  

  2022-08-13 10:30:00 App\Jobs\Customer\RevenueUpdate .......... 111.08ms DONE
  2022-08-13 10:31:34 App\Jobs\Customer\RevenueUpdate ........... 13.97ms DONE
  2022-08-13 10:32:40 App\Jobs\Customer\RevenueUpdate ............ 3.64ms DONE
  2022-08-13 10:32:55 App\Jobs\Customer\RevenueUpdate ............ 7.40ms DONE
  2022-08-13 11:31:09 App\Jobs\Customer\RevenueUpdate ........... 12.52ms DONE
Horizon started successfully.

   INFO  Processing jobs from the [default] queue.  


   INFO  Processing jobs from the [default] queue.  

Horizon started successfully.

   INFO  Processing jobs from the [default] queue.  


   INFO  Processing jobs from the [default] queue.  

Horizon started successfully.

   INFO  Processing jobs from the [default] queue.  


   INFO  Processing jobs from the [default] queue.  

  2022-08-13 11:50:07 App\Jobs\Customer\RevenueUpdate .......... 145.90ms DONE

   INFO  Processing jobs from the [default] queue.  

  2022-08-13 12:04:53 App\Jobs\Customer\RevenueUpdate .......... 118.97ms DONE
Horizon started successfully.

   INFO  Processing jobs from the [default] queue.  


   INFO  Processing jobs from the [default] queue.  

Horizon started successfully.

   INFO  Processing jobs from the [default] queue.  


   INFO  Processing jobs from the [default] queue.  

Horizon started successfully.

   INFO  Processing jobs from the [default] queue.  


   INFO  Processing jobs from the [default] queue.  

  2022-08-15 09:47:21 App\Jobs\Customer\RevenueUpdate .......... 342.88ms DONE
  2022-08-15 09:47:21 App\Jobs\Customer\RevenueUpdate ............ 7.51ms DONE

   INFO  Processing jobs from the [default] queue.  

Horizon started successfully.

   INFO  Processing jobs from the [default] queue.  


   INFO  Processing jobs from the [default] queue.  


   INFO  Processing jobs from the [default] queue.  

